\BOOKMARK [1][-]{section.1}{\376\377\0001\000\040\000R\000E\000A\000D\000M\000E}{}% 1
\BOOKMARK [2][-]{subsection.1.1}{\376\377\0001\000.\0001\000\040\000D\000e\000v\000e\000l\000o\000p\000m\000e\000n\000t\000\040\000T\000e\000a\000m\000\040\000V\000u\000l\000c\000a\000n}{section.1}% 2
\BOOKMARK [2][-]{subsection.1.2}{\376\377\0001\000.\0002\000\040\000U\000s\000i\000n\000g\000\040\000G\000i\000t}{section.1}% 3
\BOOKMARK [3][-]{subsubsection.1.2.1}{\376\377\0001\000.\0002\000.\0001\000\040\000W\000o\000r\000k\000\040\000i\000n\000\040\000Y\000o\000u\000r\000\040\000O\000w\000n\000\040\000B\000r\000a\000n\000c\000h}{subsection.1.2}% 4
\BOOKMARK [3][-]{subsubsection.1.2.2}{\376\377\0001\000.\0002\000.\0002\000\040\000C\000o\000m\000m\000i\000t\000\040\000Y\000o\000u\000r\000\040\000W\000o\000r\000k}{subsection.1.2}% 5
\BOOKMARK [3][-]{subsubsection.1.2.3}{\376\377\0001\000.\0002\000.\0003\000\040\000M\000e\000r\000g\000i\000n\000g\000\040\000O\000t\000h\000e\000r\000\040\000P\000e\000o\000p\000l\000e\000\047\000s\000\040\000W\000o\000r\000k}{subsection.1.2}% 6
\BOOKMARK [3][-]{subsubsection.1.2.4}{\376\377\0001\000.\0002\000.\0004\000\040\000P\000u\000s\000h\000\040\000Y\000o\000u\000r\000\040\000B\000r\000a\000n\000c\000h}{subsection.1.2}% 7
\BOOKMARK [2][-]{subsection.1.3}{\376\377\0001\000.\0003\000\040\000H\000y\000p\000o\000R\000o\000b\000o\000t\000\040\000A\000s\000s\000i\000g\000n\000m\000e\000n\000t}{section.1}% 8
\BOOKMARK [1][-]{section.2}{\376\377\0002\000\040\000R\000e\000q\000u\000i\000r\000e\000m\000e\000n\000t\000s}{}% 9
\BOOKMARK [2][-]{subsection.2.1}{\376\377\0002\000.\0001\000\040\000T\000e\000r\000m\000i\000n\000o\000l\000o\000g\000y}{section.2}% 10
\BOOKMARK [2][-]{subsection.2.2}{\376\377\0002\000.\0002\000\040\000R\000u\000l\000e\000s\000\040\000o\000f\000\040\000t\000h\000e\000\040\000G\000a\000m\000e}{section.2}% 11
\BOOKMARK [1][-]{section.3}{\376\377\0003\000\040\000T\000o\000d\000o\000\040\000L\000i\000s\000t}{}% 12
\BOOKMARK [1][-]{section.4}{\376\377\0004\000\040\000N\000a\000m\000e\000s\000p\000a\000c\000e\000\040\000I\000n\000d\000e\000x}{}% 13
\BOOKMARK [2][-]{subsection.4.1}{\376\377\0004\000.\0001\000\040\000N\000a\000m\000e\000s\000p\000a\000c\000e\000\040\000L\000i\000s\000t}{section.4}% 14
\BOOKMARK [1][-]{section.5}{\376\377\0005\000\040\000C\000l\000a\000s\000s\000\040\000I\000n\000d\000e\000x}{}% 15
\BOOKMARK [2][-]{subsection.5.1}{\376\377\0005\000.\0001\000\040\000C\000l\000a\000s\000s\000\040\000L\000i\000s\000t}{section.5}% 16
\BOOKMARK [1][-]{section.6}{\376\377\0006\000\040\000F\000i\000l\000e\000\040\000I\000n\000d\000e\000x}{}% 17
\BOOKMARK [2][-]{subsection.6.1}{\376\377\0006\000.\0001\000\040\000F\000i\000l\000e\000\040\000L\000i\000s\000t}{section.6}% 18
\BOOKMARK [1][-]{section.7}{\376\377\0007\000\040\000N\000a\000m\000e\000s\000p\000a\000c\000e\000\040\000D\000o\000c\000u\000m\000e\000n\000t\000a\000t\000i\000o\000n}{}% 19
\BOOKMARK [2][-]{subsection.7.1}{\376\377\0007\000.\0001\000\040\000c\000o\000n\000s\000t\000a\000n\000t\000s\000\040\000N\000a\000m\000e\000s\000p\000a\000c\000e\000\040\000R\000e\000f\000e\000r\000e\000n\000c\000e}{section.7}% 20
\BOOKMARK [3][-]{subsubsection.7.1.1}{\376\377\0007\000.\0001\000.\0001\000\040\000V\000a\000r\000i\000a\000b\000l\000e\000\040\000D\000o\000c\000u\000m\000e\000n\000t\000a\000t\000i\000o\000n}{subsection.7.1}% 21
\BOOKMARK [2][-]{subsection.7.2}{\376\377\0007\000.\0002\000\040\000S\000y\000r\000i\000n\000g\000e\000n\000a\000t\000o\000r\000\040\000N\000a\000m\000e\000s\000p\000a\000c\000e\000\040\000R\000e\000f\000e\000r\000e\000n\000c\000e}{section.7}% 22
\BOOKMARK [3][-]{subsubsection.7.2.1}{\376\377\0007\000.\0002\000.\0001\000\040\000D\000e\000t\000a\000i\000l\000e\000d\000\040\000D\000e\000s\000c\000r\000i\000p\000t\000i\000o\000n}{subsection.7.2}% 23
\BOOKMARK [3][-]{subsubsection.7.2.2}{\376\377\0007\000.\0002\000.\0002\000\040\000F\000u\000n\000c\000t\000i\000o\000n\000\040\000D\000o\000c\000u\000m\000e\000n\000t\000a\000t\000i\000o\000n}{subsection.7.2}% 24
\BOOKMARK [3][-]{subsubsection.7.2.3}{\376\377\0007\000.\0002\000.\0003\000\040\000V\000a\000r\000i\000a\000b\000l\000e\000\040\000D\000o\000c\000u\000m\000e\000n\000t\000a\000t\000i\000o\000n}{subsection.7.2}% 25
\BOOKMARK [1][-]{section.8}{\376\377\0008\000\040\000C\000l\000a\000s\000s\000\040\000D\000o\000c\000u\000m\000e\000n\000t\000a\000t\000i\000o\000n}{}% 26
\BOOKMARK [2][-]{subsection.8.1}{\376\377\0008\000.\0001\000\040\000S\000y\000r\000i\000n\000g\000e\000n\000a\000t\000o\000r\000.\000T\000a\000r\000g\000e\000t\000\040\000C\000l\000a\000s\000s\000\040\000R\000e\000f\000e\000r\000e\000n\000c\000e}{section.8}% 27
\BOOKMARK [1][-]{section.9}{\376\377\0009\000\040\000F\000i\000l\000e\000\040\000D\000o\000c\000u\000m\000e\000n\000t\000a\000t\000i\000o\000n}{}% 28
\BOOKMARK [2][-]{subsection.9.1}{\376\377\0009\000.\0001\000\040\000R\000E\000A\000D\000M\000E\000.\000m\000d\000\040\000F\000i\000l\000e\000\040\000R\000e\000f\000e\000r\000e\000n\000c\000e}{section.9}% 29
\BOOKMARK [2][-]{subsection.9.2}{\376\377\0009\000.\0002\000\040\000r\000e\000q\000u\000i\000r\000e\000m\000e\000n\000t\000s\000.\000m\000d\000\040\000F\000i\000l\000e\000\040\000R\000e\000f\000e\000r\000e\000n\000c\000e}{section.9}% 30
\BOOKMARK [2][-]{subsection.9.3}{\376\377\0009\000.\0003\000\040\000s\000r\000c\000/\000c\000o\000n\000t\000r\000o\000l\000l\000e\000r\000/\000c\000o\000n\000s\000t\000a\000n\000t\000s\000.\000h\000p\000p\000\040\000F\000i\000l\000e\000\040\000R\000e\000f\000e\000r\000e\000n\000c\000e}{section.9}% 31
\BOOKMARK [3][-]{subsubsection.9.3.1}{\376\377\0009\000.\0003\000.\0001\000\040\000D\000e\000t\000a\000i\000l\000e\000d\000\040\000D\000e\000s\000c\000r\000i\000p\000t\000i\000o\000n}{subsection.9.3}% 32
\BOOKMARK [3][-]{subsubsection.9.3.2}{\376\377\0009\000.\0003\000.\0002\000\040\000M\000a\000c\000r\000o\000\040\000D\000e\000f\000i\000n\000i\000t\000i\000o\000n\000\040\000D\000o\000c\000u\000m\000e\000n\000t\000a\000t\000i\000o\000n}{subsection.9.3}% 33
\BOOKMARK [2][-]{subsection.9.4}{\376\377\0009\000.\0004\000\040\000s\000r\000c\000/\000c\000o\000n\000t\000r\000o\000l\000l\000e\000r\000/\000c\000o\000n\000t\000r\000o\000l\000l\000e\000r\000.\000i\000n\000o\000\040\000F\000i\000l\000e\000\040\000R\000e\000f\000e\000r\000e\000n\000c\000e}{section.9}% 34
\BOOKMARK [3][-]{subsubsection.9.4.1}{\376\377\0009\000.\0004\000.\0001\000\040\000D\000e\000t\000a\000i\000l\000e\000d\000\040\000D\000e\000s\000c\000r\000i\000p\000t\000i\000o\000n}{subsection.9.4}% 35
\BOOKMARK [3][-]{subsubsection.9.4.2}{\376\377\0009\000.\0004\000.\0002\000\040\000F\000u\000n\000c\000t\000i\000o\000n\000\040\000D\000o\000c\000u\000m\000e\000n\000t\000a\000t\000i\000o\000n}{subsection.9.4}% 36
\BOOKMARK [2][-]{subsection.9.5}{\376\377\0009\000.\0005\000\040\000s\000r\000c\000/\000c\000o\000n\000t\000r\000o\000l\000l\000e\000r\000/\000S\000y\000r\000i\000n\000g\000e\000n\000a\000t\000o\000r\000.\000h\000p\000p\000\040\000F\000i\000l\000e\000\040\000R\000e\000f\000e\000r\000e\000n\000c\000e}{section.9}% 37
\BOOKMARK [3][-]{subsubsection.9.5.1}{\376\377\0009\000.\0005\000.\0001\000\040\000D\000e\000t\000a\000i\000l\000e\000d\000\040\000D\000e\000s\000c\000r\000i\000p\000t\000i\000o\000n}{subsection.9.5}% 38
\BOOKMARK [3][-]{subsubsection.9.5.2}{\376\377\0009\000.\0005\000.\0002\000\040\000F\000u\000n\000c\000t\000i\000o\000n\000\040\000D\000o\000c\000u\000m\000e\000n\000t\000a\000t\000i\000o\000n}{subsection.9.5}% 39
\BOOKMARK [2][-]{subsection.9.6}{\376\377\0009\000.\0006\000\040\000s\000r\000c\000/\000p\000i\000/\000c\000o\000n\000s\000t\000a\000n\000t\000s\000.\000p\000y\000\040\000F\000i\000l\000e\000\040\000R\000e\000f\000e\000r\000e\000n\000c\000e}{section.9}% 40
\BOOKMARK [3][-]{subsubsection.9.6.1}{\376\377\0009\000.\0006\000.\0001\000\040\000D\000e\000t\000a\000i\000l\000e\000d\000\040\000D\000e\000s\000c\000r\000i\000p\000t\000i\000o\000n}{subsection.9.6}% 41
\BOOKMARK [2][-]{subsection.9.7}{\376\377\0009\000.\0007\000\040\000s\000r\000c\000/\000p\000i\000/\000S\000y\000r\000i\000n\000g\000e\000n\000a\000t\000o\000r\000.\000p\000y\000\040\000F\000i\000l\000e\000\040\000R\000e\000f\000e\000r\000e\000n\000c\000e}{section.9}% 42
\BOOKMARK [3][-]{subsubsection.9.7.1}{\376\377\0009\000.\0007\000.\0001\000\040\000D\000e\000t\000a\000i\000l\000e\000d\000\040\000D\000e\000s\000c\000r\000i\000p\000t\000i\000o\000n}{subsection.9.7}% 43
\BOOKMARK [1][-]{section*.18}{\376\377\000I\000n\000d\000e\000x}{}% 44
